[debug] [2019-03-22T20:37:32.290Z] ----------------------------------------------------------------------
[debug] [2019-03-22T20:37:32.296Z] Command:       C:\Program Files\nodejs\node.exe C:\Users\Lennittza\AppData\Roaming\npm\node_modules\firebase-tools\lib\bin\firebase.js serve --only functions
[debug] [2019-03-22T20:37:32.296Z] CLI Version:   6.5.0
[debug] [2019-03-22T20:37:32.296Z] Platform:      win32
[debug] [2019-03-22T20:37:32.297Z] Node Version:  v11.9.0
[debug] [2019-03-22T20:37:33.795Z] Time:          Fri Mar 22 2019 16:37:32 GMT-0400 (GMT-04:00)
[debug] [2019-03-22T20:37:33.796Z] ----------------------------------------------------------------------
[debug] 
[debug] [2019-03-22T20:37:34.559Z] > command requires scopes: ["email","openid","https://www.googleapis.com/auth/cloudplatformprojects.readonly","https://www.googleapis.com/auth/firebase","https://www.googleapis.com/auth/cloud-platform"]
[debug] [2019-03-22T20:37:34.561Z] > authorizing via signed-in user
[debug] [2019-03-22T20:37:34.562Z] [iam] checking project orcaestra-sinfonica for permissions ["firebase.projects.get"]
[debug] [2019-03-22T20:37:34.566Z] > refreshing access token with scopes: ["email","https://www.googleapis.com/auth/cloud-platform","https://www.googleapis.com/auth/cloudplatformprojects.readonly","https://www.googleapis.com/auth/firebase","openid"]
[debug] [2019-03-22T20:37:34.567Z] >>> HTTP REQUEST POST https://www.googleapis.com/oauth2/v3/token  
 <request body omitted>
[debug] [2019-03-22T20:37:40.118Z] <<< HTTP RESPONSE 200
[debug] [2019-03-22T20:37:40.487Z] >>> HTTP REQUEST POST https://cloudresourcemanager.googleapis.com/v1/projects/orcaestra-sinfonica:testIamPermissions  

[debug] [2019-03-22T20:37:41.773Z] <<< HTTP RESPONSE 200
[debug] [2019-03-22T20:37:41.776Z] >>> HTTP REQUEST GET https://cloudresourcemanager.googleapis.com/v1/projects/orcaestra-sinfonica  
 
[debug] [2019-03-22T20:37:42.223Z] <<< HTTP RESPONSE 200
[info] 
[info] === Serving from 'C:\Users\Lennittza\Documents\Development\orcaestra-sinfonica'...
[info] 
[info] i  functions: Preparing to emulate functions.
[debug] [2019-03-22T20:39:50.447Z] Fetching environment
[debug] [2019-03-22T20:39:50.775Z] >>> HTTP REQUEST GET https://mobilesdk-pa.googleapis.com/v1/projects/246048437876:getServerAppConfig  
 
[debug] [2019-03-22T20:39:51.927Z] <<< HTTP RESPONSE 200
[debug] [2019-03-22T20:39:51.928Z] Starting @google-cloud/functions-emulator
