[debug] [2019-02-11T21:17:09.026Z] ----------------------------------------------------------------------
[debug] [2019-02-11T21:17:09.038Z] Command:       C:\Program Files\nodejs\node.exe C:\Users\Lennittza\AppData\Roaming\npm\node_modules\firebase-tools\lib\bin\firebase.js deploy
[debug] [2019-02-11T21:17:09.039Z] CLI Version:   6.3.1
[debug] [2019-02-11T21:17:09.039Z] Platform:      win32
[debug] [2019-02-11T21:17:09.039Z] Node Version:  v11.9.0
[debug] [2019-02-11T21:17:09.044Z] Time:          Mon Feb 11 2019 17:17:09 GMT-0400 (GMT-04:00)
[debug] [2019-02-11T21:17:09.044Z] ----------------------------------------------------------------------
[debug] 
[debug] [2019-02-11T21:17:09.175Z] > command requires scopes: ["email","openid","https://www.googleapis.com/auth/cloudplatformprojects.readonly","https://www.googleapis.com/auth/firebase","https://www.googleapis.com/auth/cloud-platform"]
[debug] [2019-02-11T21:17:09.177Z] > authorizing via signed-in user
[debug] [2019-02-11T21:17:09.177Z] [iam] checking project orcaestra-sinfonica for permissions ["firebase.projects.get","firebasehosting.sites.update"]
[debug] [2019-02-11T21:17:09.184Z] > refreshing access token with scopes: ["email","https://www.googleapis.com/auth/cloud-platform","https://www.googleapis.com/auth/cloudplatformprojects.readonly","https://www.googleapis.com/auth/firebase","openid"]
[debug] [2019-02-11T21:17:09.185Z] >>> HTTP REQUEST POST https://www.googleapis.com/oauth2/v3/token  
 <request body omitted>
[debug] [2019-02-11T21:17:10.092Z] <<< HTTP RESPONSE 200
[debug] [2019-02-11T21:17:10.455Z] >>> HTTP REQUEST POST https://cloudresourcemanager.googleapis.com/v1/projects/orcaestra-sinfonica:testIamPermissions  

[debug] [2019-02-11T21:17:11.817Z] <<< HTTP RESPONSE 200
[debug] [2019-02-11T21:17:11.819Z] >>> HTTP REQUEST GET https://firebase.googleapis.com/v1beta1/projects/orcaestra-sinfonica  
 
[debug] [2019-02-11T21:17:12.845Z] <<< HTTP RESPONSE 200
[info] 
[info] === Deploying to 'orcaestra-sinfonica'...
[info] 
[info] i  deploying hosting
[debug] [2019-02-11T21:17:12.855Z] >>> HTTP REQUEST POST https://firebasehosting.googleapis.com/v1beta1/sites/orcaestra-sinfonica/versions  

[debug] [2019-02-11T21:17:14.567Z] <<< HTTP RESPONSE 200
[info] i  hosting[orcaestra-sinfonica]: beginning deploy...
[info] i  hosting[orcaestra-sinfonica]: found 104 files in dist
[debug] [2019-02-11T21:17:14.995Z] [hosting] hash cache [ZGlzdA] not populated
[debug] [2019-02-11T21:17:16.068Z] [hosting] hash cache [ZGlzdA] stored for 104 files
[debug] [2019-02-11T21:17:16.069Z] [hosting][hash queue][FINAL]
[debug] [2019-02-11T21:17:16.069Z] >>> HTTP REQUEST POST https://firebasehosting.googleapis.com/v1beta1/sites/orcaestra-sinfonica/versions/e7f2787328047acd:populateFiles  
 <request body omitted>
[debug] [2019-02-11T21:17:18.816Z] <<< HTTP RESPONSE 200
[debug] [2019-02-11T21:17:18.836Z] [hosting][populate queue][FINAL]
[debug] [2019-02-11T21:17:18.836Z] [hosting] uploads queued: 13
